  catch_amalgamated.cpp
E:\Documentos\UFSCAR\Computação Gráfica\Projetos\Atividade02\test\catch_amalgamated.cpp(7406,33): error C2593: 'operator <<' is ambiguous
E:\Documentos\UFSCAR\Computação Gráfica\Projetos\Atividade02\test\catch_amalgamated.cpp(6039,10): message : could be 'std::ostream &Catch::operator <<(std::ostream &,Catch::StringRef)'
E:\Documentos\UFSCAR\Computação Gráfica\Projetos\Atividade02\test\catch_amalgamated.hpp(761,30): message : or       'std::ostream &Catch::operator <<(std::ostream &,Catch::StringRef)' [found using argument-dependent lookup]
E:\Documentos\UFSCAR\Computação Gráfica\Projetos\Atividade02\test\catch_amalgamated.cpp(7406,33): message : while trying to match the argument list '(std::basic_ostream<char,std::char_traits<char>>, Catch::StringRef)'
E:\Documentos\UFSCAR\Computação Gráfica\Projetos\Atividade02\test\catch_amalgamated.cpp(7440,33): error C2593: 'operator <<' is ambiguous
E:\Documentos\UFSCAR\Computação Gráfica\Projetos\Atividade02\test\catch_amalgamated.cpp(6039,10): message : could be 'std::ostream &Catch::operator <<(std::ostream &,Catch::StringRef)'
E:\Documentos\UFSCAR\Computação Gráfica\Projetos\Atividade02\test\catch_amalgamated.hpp(761,30): message : or       'std::ostream &Catch::operator <<(std::ostream &,Catch::StringRef)' [found using argument-dependent lookup]
E:\Documentos\UFSCAR\Computação Gráfica\Projetos\Atividade02\test\catch_amalgamated.cpp(7440,33): message : while trying to match the argument list '(std::basic_ostream<char,std::char_traits<char>>, Catch::StringRef)'
E:\Documentos\UFSCAR\Computação Gráfica\Projetos\Atividade02\test\catch_amalgamated.cpp(7446,69): error C2593: 'operator <<' is ambiguous
E:\Documentos\UFSCAR\Computação Gráfica\Projetos\Atividade02\test\catch_amalgamated.cpp(6039,10): message : could be 'std::ostream &Catch::operator <<(std::ostream &,Catch::StringRef)'
E:\Documentos\UFSCAR\Computação Gráfica\Projetos\Atividade02\test\catch_amalgamated.hpp(761,30): message : or       'std::ostream &Catch::operator <<(std::ostream &,Catch::StringRef)' [found using argument-dependent lookup]
E:\Documentos\UFSCAR\Computação Gráfica\Projetos\Atividade02\test\catch_amalgamated.cpp(7446,69): message : while trying to match the argument list '(std::basic_ostream<char,std::char_traits<char>>, Catch::StringRef)'
E:\Documentos\UFSCAR\Computação Gráfica\Projetos\Atividade02\test\catch_amalgamated.cpp(8138,1): error C2593: 'operator <<' is ambiguous
E:\Documentos\UFSCAR\Computação Gráfica\Projetos\Atividade02\test\catch_amalgamated.cpp(6039,10): message : could be 'std::ostream &Catch::operator <<(std::ostream &,Catch::StringRef)'
E:\Documentos\UFSCAR\Computação Gráfica\Projetos\Atividade02\test\catch_amalgamated.hpp(761,30): message : or       'std::ostream &Catch::operator <<(std::ostream &,Catch::StringRef)' [found using argument-dependent lookup]
E:\Documentos\UFSCAR\Computação Gráfica\Projetos\Atividade02\test\catch_amalgamated.cpp(8138,1): message : while trying to match the argument list '(std::basic_ostream<char,std::char_traits<char>>, Catch::StringRef)'
E:\Documentos\UFSCAR\Computação Gráfica\Projetos\Atividade02\test\catch_amalgamated.cpp(8216,68): error C2593: 'operator <<' is ambiguous
E:\Documentos\UFSCAR\Computação Gráfica\Projetos\Atividade02\test\catch_amalgamated.cpp(6039,10): message : could be 'std::ostream &Catch::operator <<(std::ostream &,Catch::StringRef)'
E:\Documentos\UFSCAR\Computação Gráfica\Projetos\Atividade02\test\catch_amalgamated.hpp(761,30): message : or       'std::ostream &Catch::operator <<(std::ostream &,Catch::StringRef)' [found using argument-dependent lookup]
E:\Documentos\UFSCAR\Computação Gráfica\Projetos\Atividade02\test\catch_amalgamated.cpp(8216,68): message : while trying to match the argument list '(std::basic_ostream<char,std::char_traits<char>>, Catch::StringRef)'
E:\Documentos\UFSCAR\Computação Gráfica\Projetos\Atividade02\test\catch_amalgamated.cpp(8395,1): error C2593: 'operator <<' is ambiguous
E:\Documentos\UFSCAR\Computação Gráfica\Projetos\Atividade02\test\catch_amalgamated.cpp(6039,10): message : could be 'std::ostream &Catch::operator <<(std::ostream &,Catch::StringRef)'
E:\Documentos\UFSCAR\Computação Gráfica\Projetos\Atividade02\test\catch_amalgamated.hpp(761,30): message : or       'std::ostream &Catch::operator <<(std::ostream &,Catch::StringRef)' [found using argument-dependent lookup]
E:\Documentos\UFSCAR\Computação Gráfica\Projetos\Atividade02\test\catch_amalgamated.cpp(8395,1): message : while trying to match the argument list '(std::ostream, const Catch::StringRef)'
E:\Documentos\UFSCAR\Computação Gráfica\Projetos\Atividade02\test\catch_amalgamated.cpp(8415,1): error C2593: 'operator <<' is ambiguous
E:\Documentos\UFSCAR\Computação Gráfica\Projetos\Atividade02\test\catch_amalgamated.cpp(6039,10): message : could be 'std::ostream &Catch::operator <<(std::ostream &,Catch::StringRef)'
E:\Documentos\UFSCAR\Computação Gráfica\Projetos\Atividade02\test\catch_amalgamated.hpp(761,30): message : or       'std::ostream &Catch::operator <<(std::ostream &,Catch::StringRef)' [found using argument-dependent lookup]
E:\Documentos\UFSCAR\Computação Gráfica\Projetos\Atividade02\test\catch_amalgamated.cpp(8415,1): message : while trying to match the argument list '(std::ostream, const Catch::StringRef)'
E:\Documentos\UFSCAR\Computação Gráfica\Projetos\Atividade02\test\catch_amalgamated.cpp(8533,1): error C2593: 'operator <<' is ambiguous
E:\Documentos\UFSCAR\Computação Gráfica\Projetos\Atividade02\test\catch_amalgamated.cpp(6039,10): message : could be 'std::ostream &Catch::operator <<(std::ostream &,Catch::StringRef)'
E:\Documentos\UFSCAR\Computação Gráfica\Projetos\Atividade02\test\catch_amalgamated.hpp(761,30): message : or       'std::ostream &Catch::operator <<(std::ostream &,Catch::StringRef)' [found using argument-dependent lookup]
E:\Documentos\UFSCAR\Computação Gráfica\Projetos\Atividade02\test\catch_amalgamated.cpp(8533,1): message : while trying to match the argument list '(std::basic_ostream<char,std::char_traits<char>>, Catch::StringRef)'
E:\Documentos\UFSCAR\Computação Gráfica\Projetos\Atividade02\test\catch_amalgamated.cpp(8646,60): error C2593: 'operator <<' is ambiguous
E:\Documentos\UFSCAR\Computação Gráfica\Projetos\Atividade02\test\catch_amalgamated.cpp(6039,10): message : could be 'std::ostream &Catch::operator <<(std::ostream &,Catch::StringRef)'
E:\Documentos\UFSCAR\Computação Gráfica\Projetos\Atividade02\test\catch_amalgamated.hpp(761,30): message : or       'std::ostream &Catch::operator <<(std::ostream &,Catch::StringRef)' [found using argument-dependent lookup]
E:\Documentos\UFSCAR\Computação Gráfica\Projetos\Atividade02\test\catch_amalgamated.cpp(8646,60): message : while trying to match the argument list '(std::basic_ostream<char,std::char_traits<char>>, Catch::StringRef)'
E:\Documentos\UFSCAR\Computação Gráfica\Projetos\Atividade02\test\catch_amalgamated.cpp(8650,43): error C2593: 'operator <<' is ambiguous
E:\Documentos\UFSCAR\Computação Gráfica\Projetos\Atividade02\test\catch_amalgamated.cpp(6039,10): message : could be 'std::ostream &Catch::operator <<(std::ostream &,Catch::StringRef)'
E:\Documentos\UFSCAR\Computação Gráfica\Projetos\Atividade02\test\catch_amalgamated.hpp(761,30): message : or       'std::ostream &Catch::operator <<(std::ostream &,Catch::StringRef)' [found using argument-dependent lookup]
E:\Documentos\UFSCAR\Computação Gráfica\Projetos\Atividade02\test\catch_amalgamated.cpp(8650,43): message : while trying to match the argument list '(std::basic_ostream<char,std::char_traits<char>>, Catch::StringRef)'
E:\Documentos\UFSCAR\Computação Gráfica\Projetos\Atividade02\test\catch_amalgamated.cpp(8785,14): error C2593: 'operator <<' is ambiguous
E:\Documentos\UFSCAR\Computação Gráfica\Projetos\Atividade02\test\catch_amalgamated.cpp(6039,10): message : could be 'std::ostream &Catch::operator <<(std::ostream &,Catch::StringRef)'
E:\Documentos\UFSCAR\Computação Gráfica\Projetos\Atividade02\test\catch_amalgamated.hpp(761,30): message : or       'std::ostream &Catch::operator <<(std::ostream &,Catch::StringRef)' [found using argument-dependent lookup]
E:\Documentos\UFSCAR\Computação Gráfica\Projetos\Atividade02\test\catch_amalgamated.cpp(8786,41): message : while trying to match the argument list '(std::ostream, Catch::StringRef)'
E:\Documentos\UFSCAR\Computação Gráfica\Projetos\Atividade02\test\catch_amalgamated.cpp(9351,37): error C2593: 'operator <<' is ambiguous
E:\Documentos\UFSCAR\Computação Gráfica\Projetos\Atividade02\test\catch_amalgamated.cpp(6039,10): message : could be 'std::ostream &Catch::operator <<(std::ostream &,Catch::StringRef)'
E:\Documentos\UFSCAR\Computação Gráfica\Projetos\Atividade02\test\catch_amalgamated.hpp(761,30): message : or       'std::ostream &Catch::operator <<(std::ostream &,Catch::StringRef)' [found using argument-dependent lookup]
E:\Documentos\UFSCAR\Computação Gráfica\Projetos\Atividade02\test\catch_amalgamated.cpp(9351,37): message : while trying to match the argument list '(std::ostream, Catch::StringRef)'
E:\Documentos\UFSCAR\Computação Gráfica\Projetos\Atividade02\test\catch_amalgamated.cpp(10199,1): error C2593: 'operator <<' is ambiguous
E:\Documentos\UFSCAR\Computação Gráfica\Projetos\Atividade02\test\catch_amalgamated.cpp(6039,10): message : could be 'std::ostream &Catch::operator <<(std::ostream &,Catch::StringRef)'
E:\Documentos\UFSCAR\Computação Gráfica\Projetos\Atividade02\test\catch_amalgamated.hpp(761,30): message : or       'std::ostream &Catch::operator <<(std::ostream &,Catch::StringRef)' [found using argument-dependent lookup]
E:\Documentos\UFSCAR\Computação Gráfica\Projetos\Atividade02\test\catch_amalgamated.cpp(10199,1): message : while trying to match the argument list '(std::ostream, Catch::StringRef)'
E:\Documentos\UFSCAR\Computação Gráfica\Projetos\Atividade02\test\catch_amalgamated.cpp(10204,1): error C2593: 'operator <<' is ambiguous
E:\Documentos\UFSCAR\Computação Gráfica\Projetos\Atividade02\test\catch_amalgamated.cpp(6039,10): message : could be 'std::ostream &Catch::operator <<(std::ostream &,Catch::StringRef)'
E:\Documentos\UFSCAR\Computação Gráfica\Projetos\Atividade02\test\catch_amalgamated.hpp(761,30): message : or       'std::ostream &Catch::operator <<(std::ostream &,Catch::StringRef)' [found using argument-dependent lookup]
E:\Documentos\UFSCAR\Computação Gráfica\Projetos\Atividade02\test\catch_amalgamated.cpp(10204,1): message : while trying to match the argument list '(std::basic_ostream<char,std::char_traits<char>>, Catch::StringRef)'
E:\Documentos\UFSCAR\Computação Gráfica\Projetos\Atividade02\test\catch_amalgamated.cpp(10282,66): error C2593: 'operator <<' is ambiguous
E:\Documentos\UFSCAR\Computação Gráfica\Projetos\Atividade02\test\catch_amalgamated.cpp(6039,10): message : could be 'std::ostream &Catch::operator <<(std::ostream &,Catch::StringRef)'
E:\Documentos\UFSCAR\Computação Gráfica\Projetos\Atividade02\test\catch_amalgamated.hpp(761,30): message : or       'std::ostream &Catch::operator <<(std::ostream &,Catch::StringRef)' [found using argument-dependent lookup]
E:\Documentos\UFSCAR\Computação Gráfica\Projetos\Atividade02\test\catch_amalgamated.cpp(10282,66): message : while trying to match the argument list '(std::basic_ostream<char,std::char_traits<char>>, Catch::StringRef)'
  test_cases.cpp
  Generating Code...
